<?xml version="1.0" encoding="UTF-8"?>
<!-- Generated by org.testng.reporters.JUnitReportReporter -->
<testsuite hostname="LAPTOP-61JCIC0N" failures="0" tests="1" name="com.app.TDD.demo.TestUserNameFeature" time="0.013" errors="0" timestamp="2023-10-13T11:02:30 IST" skipped="0">
  <testcase classname="com.app.TDD.demo.TestUserNameFeature" name="UsernameTest" time="0.013"/>
  <system-out/>
</testsuite> <!-- com.app.TDD.demo.TestUserNameFeature -->
