<?xml version="1.0" encoding="UTF-8"?>
<!-- Generated by org.testng.reporters.JUnitReportReporter -->
<testsuite hostname="LAPTOP-61JCIC0N" failures="0" tests="3" name="com.app.TDD.demo.TestPopulationSearch" time="0.014" errors="0" timestamp="2023-10-13T11:01:26 IST" skipped="0">
  <testcase classname="com.app.TDD.demo.TestPopulationSearch" name="findpopulation" time="0.012"/>
  <system-out/>
  <testcase classname="com.app.TDD.demo.TestPopulationSearch" name="findpopulationEmptyInput" time="0.001"/>
  <system-out/>
  <testcase classname="com.app.TDD.demo.TestPopulationSearch" name="findpopulationInvalidInput" time="0.001"/>
  <system-out/>
</testsuite> <!-- com.app.TDD.demo.TestPopulationSearch -->
