<?xml version="1.0" encoding="UTF-8"?>
<!-- Generated by org.testng.reporters.JUnitReportReporter -->
<testsuite hostname="LAPTOP-61JCIC0N" failures="0" tests="1" name="jenkinsproject.Jenkins" time="9.798" errors="0" timestamp="2023-10-13T10:49:38 IST" skipped="0">
  <testcase classname="jenkinsproject.Jenkins" name="method1" time="9.798"/>
  <system-out/>
</testsuite> <!-- jenkinsproject.Jenkins -->
