<?xml version="1.0" encoding="UTF-8"?>
<!-- Generated by org.testng.reporters.JUnitReportReporter -->
<testsuite hostname="LAPTOP-61JCIC0N" failures="0" tests="2" name="com.ninja.qa.TestPages.TestRegisterPage" time="18.914" errors="0" timestamp="2023-10-11T18:45:37 IST" skipped="0">
  <testcase classname="com.ninja.qa.TestPages.TestRegisterPage" name="testregisterUser" time="8.155"/>
  <system-out/>
  <testcase classname="com.ninja.qa.TestPages.TestRegisterPage" name="testregisterUser" time="10.759"/>
  <system-out/>
</testsuite> <!-- com.ninja.qa.TestPages.TestRegisterPage -->
