<?xml version="1.0" encoding="UTF-8"?>
<!-- Generated by org.testng.reporters.JUnitReportReporter -->
<testsuite hostname="LAPTOP-61JCIC0N" failures="0" tests="5" name="app.com.Redbus.HomepageTest.HomePageTest" time="26.318" errors="0" timestamp="2023-10-13T10:35:20 IST" skipped="0">
  <testcase classname="app.com.Redbus.HomepageTest.HomePageTest" name="testTitle" time="6.897"/>
  <system-out/>
  <testcase classname="app.com.Redbus.HomepageTest.HomePageTest" name="testsource" time="4.914"/>
  <system-out/>
  <testcase classname="app.com.Redbus.HomepageTest.HomePageTest" name="testdestination" time="4.715"/>
  <system-out/>
  <testcase classname="app.com.Redbus.HomepageTest.HomePageTest" name="testdate" time="5.006"/>
  <system-out/>
  <testcase classname="app.com.Redbus.HomepageTest.HomePageTest" name="testsearch" time="4.786"/>
  <system-out/>
</testsuite> <!-- app.com.Redbus.HomepageTest.HomePageTest -->
