<?xml version="1.0" encoding="UTF-8"?>
<!-- Generated by org.testng.reporters.JUnitReportReporter -->
<testsuite hostname="LAPTOP-61JCIC0N" failures="0" tests="1" name="com.ninja.qa.TestPages.TestSearchPage" time="14.168" errors="0" timestamp="2023-10-11T18:12:05 IST" skipped="0">
  <testcase classname="com.ninja.qa.TestPages.TestSearchPage" name="searchProduct" time="14.168"/>
  <system-out/>
</testsuite> <!-- com.ninja.qa.TestPages.TestSearchPage -->
