<?xml version="1.0" encoding="UTF-8"?>
<!-- Generated by org.testng.reporters.JUnitReportReporter -->
<testsuite hostname="LAPTOP-61JCIC0N" failures="0" tests="3" name="com.app.TestNGScripts.BeforeAfterMethodAnnotation" time="15.978" errors="0" timestamp="2023-10-12T19:20:35 IST" skipped="0">
  <testcase classname="com.app.TestNGScripts.BeforeAfterMethodAnnotation" name="GetTitle" time="2.656"/>
  <system-out/>
  <testcase classname="com.app.TestNGScripts.BeforeAfterMethodAnnotation" name="login" time="4.907"/>
  <system-out/>
  <testcase classname="com.app.TestNGScripts.BeforeAfterMethodAnnotation" name="logout" time="8.415"/>
  <system-out/>
</testsuite> <!-- com.app.TestNGScripts.BeforeAfterMethodAnnotation -->
