<?xml version="1.0" encoding="UTF-8"?>
<!-- Generated by org.testng.reporters.JUnitReportReporter -->
<testsuite hostname="LAPTOP-61JCIC0N" failures="0" tests="4" name="com.app.TestNGScripts.ParallelTest" time="33.849" errors="0" timestamp="2023-10-09T17:39:41 IST" skipped="0">
  <testcase classname="com.app.TestNGScripts.ParallelTest" name="wikiPage" time="9.649"/>
  <system-out/>
  <testcase classname="com.app.TestNGScripts.ParallelTest" name="ninjaPage2" time="6.731"/>
  <system-out/>
  <testcase classname="com.app.TestNGScripts.ParallelTest" name="wikiPage2" time="10.403"/>
  <system-out/>
  <testcase classname="com.app.TestNGScripts.ParallelTest" name="ninjaPage" time="7.066"/>
  <system-out/>
</testsuite> <!-- com.app.TestNGScripts.ParallelTest -->
