<?xml version="1.0" encoding="UTF-8"?>
<!-- Generated by org.testng.reporters.JUnitReportReporter -->
<testsuite hostname="LAPTOP-61JCIC0N" failures="0" tests="5" name="com.app.TestNGDataDrivenTesting.DataProviderAnnotation" time="11.976" errors="0" timestamp="2023-10-10T21:56:00 IST" skipped="0">
  <testcase classname="com.app.TestNGDataDrivenTesting.DataProviderAnnotation" name="CreateAccount" time="2.375"/>
  <system-out/>
  <testcase classname="com.app.TestNGDataDrivenTesting.DataProviderAnnotation" name="CreateAccount" time="2.396"/>
  <system-out/>
  <testcase classname="com.app.TestNGDataDrivenTesting.DataProviderAnnotation" name="CreateAccount" time="2.393"/>
  <system-out/>
  <testcase classname="com.app.TestNGDataDrivenTesting.DataProviderAnnotation" name="CreateAccount" time="2.445"/>
  <system-out/>
  <testcase classname="com.app.TestNGDataDrivenTesting.DataProviderAnnotation" name="CreateAccount" time="2.367"/>
  <system-out/>
</testsuite> <!-- com.app.TestNGDataDrivenTesting.DataProviderAnnotation -->
