<?xml version="1.0" encoding="UTF-8"?>
<!-- Generated by org.testng.reporters.JUnitReportReporter -->
<testsuite hostname="LAPTOP-61JCIC0N" failures="0" tests="2" name="com.app.TestNGDataDrivenTesting.ParameterDemo" time="2.360" errors="0" timestamp="2023-10-10T19:31:17 IST" skipped="0">
  <testcase classname="com.app.TestNGDataDrivenTesting.ParameterDemo" name="login" time="1.171"/>
  <system-out/>
  <testcase classname="com.app.TestNGDataDrivenTesting.ParameterDemo" name="login" time="1.189"/>
  <system-out/>
</testsuite> <!-- com.app.TestNGDataDrivenTesting.ParameterDemo -->
