<?xml version="1.0" encoding="UTF-8"?>
<!-- Generated by org.testng.reporters.JUnitReportReporter -->
<testsuite hostname="LAPTOP-61JCIC0N" failures="0" tests="5" name="com.app.TestNGDataDrivenTesting.WikiCreateAccount" time="13.138" errors="0" timestamp="2023-10-13T08:11:05 IST" skipped="0">
  <testcase classname="com.app.TestNGDataDrivenTesting.WikiCreateAccount" name="CreateAccount" time="2.528"/>
  <system-out/>
  <testcase classname="com.app.TestNGDataDrivenTesting.WikiCreateAccount" name="CreateAccount" time="2.636"/>
  <system-out/>
  <testcase classname="com.app.TestNGDataDrivenTesting.WikiCreateAccount" name="CreateAccount" time="2.695"/>
  <system-out/>
  <testcase classname="com.app.TestNGDataDrivenTesting.WikiCreateAccount" name="CreateAccount" time="2.780"/>
  <system-out/>
  <testcase classname="com.app.TestNGDataDrivenTesting.WikiCreateAccount" name="CreateAccount" time="2.499"/>
  <system-out/>
</testsuite> <!-- com.app.TestNGDataDrivenTesting.WikiCreateAccount -->
