<?xml version="1.0" encoding="UTF-8"?>
<!-- Generated by org.testng.reporters.JUnitReportReporter -->
<testsuite hostname="LAPTOP-61JCIC0N" failures="0" tests="1" name="com.app.TestNGScripts.TestAnnotation" time="7.967" errors="0" timestamp="2023-10-05T12:09:10 IST" skipped="0">
  <testcase classname="com.app.TestNGScripts.TestAnnotation" name="login" time="7.967"/>
  <system-out/>
</testsuite> <!-- com.app.TestNGScripts.TestAnnotation -->
