<?xml version="1.0" encoding="UTF-8"?>
<!-- Generated by org.testng.reporters.JUnitReportReporter -->
<testsuite hostname="LAPTOP-61JCIC0N" failures="0" tests="1" name="com.app.TestNGScripts.BeforeAfterClassAnnotation" time="0.009" errors="0" timestamp="2023-10-05T12:09:10 IST" skipped="0">
  <testcase classname="com.app.TestNGScripts.BeforeAfterClassAnnotation" name="GetTitle" time="0.009"/>
  <system-out/>
</testsuite> <!-- com.app.TestNGScripts.BeforeAfterClassAnnotation -->
