<?xml version="1.0" encoding="UTF-8"?>
<!-- Generated by org.testng.reporters.JUnitReportReporter -->
<testsuite hostname="LAPTOP-61JCIC0N" failures="0" tests="2" name="TestScenario1.Sample3" time="2.354" errors="0" timestamp="2023-10-06T09:35:26 IST" skipped="1">
  <testcase classname="TestScenario1.Sample3" name="login" time="2.354"/>
  <system-out/>
  <testcase classname="TestScenario1.Sample3" name="GetTitle">
    <skipped/>
  </testcase> <!-- GetTitle -->
  <system-out/>
</testsuite> <!-- TestScenario1.Sample3 -->
