<?xml version="1.0" encoding="UTF-8"?>
<!-- Generated by org.testng.reporters.JUnitReportReporter -->
<testsuite hostname="LAPTOP-61JCIC0N" failures="0" tests="1" name="com.app.TestNg.Extentreports.SetUpCheck" time="1.306" errors="0" timestamp="2023-10-09T17:54:57 IST" skipped="0">
  <testcase classname="com.app.TestNg.Extentreports.SetUpCheck" name="extentDemo2" time="1.306"/>
  <system-out/>
</testsuite> <!-- com.app.TestNg.Extentreports.SetUpCheck -->
