<?xml version="1.0" encoding="UTF-8"?>
<!-- Generated by org.testng.reporters.JUnitReportReporter -->
<testsuite hostname="LAPTOP-61JCIC0N" failures="0" tests="1" name="com.app.SeleniumGridDemo.GRIDStandaloneDemo" time="6.557" errors="0" timestamp="2023-10-10T23:10:08 IST" skipped="0">
  <testcase classname="com.app.SeleniumGridDemo.GRIDStandaloneDemo" name="GridDemo1" time="6.557"/>
  <system-out/>
</testsuite> <!-- com.app.SeleniumGridDemo.GRIDStandaloneDemo -->
