<?xml version="1.0" encoding="UTF-8"?>
<!-- Generated by org.testng.reporters.JUnitReportReporter -->
<testsuite hostname="LAPTOP-61JCIC0N" failures="0" tests="1" name="com.app.jenkinsdemo.TestJenkinsDemo" time="7.337" errors="0" timestamp="2023-10-11T22:27:02 IST" skipped="0">
  <testcase classname="com.app.jenkinsdemo.TestJenkinsDemo" name="GetTitle" time="7.337"/>
  <system-out/>
</testsuite> <!-- com.app.jenkinsdemo.TestJenkinsDemo -->
